Determining if the pthread_create exist failed with the following output:
Change Dir: /home/jafar/Desktop/Courses/RoboticsCol/3/startercode/catkin_ws/build/lwr_defs/CMakeFiles/CMakeTmp

Run Build Command:"/usr/bin/make" "cmTC_332ff/fast"
/usr/bin/make -f CMakeFiles/cmTC_332ff.dir/build.make CMakeFiles/cmTC_332ff.dir/build
make[1]: Entering directory '/home/jafar/Desktop/Courses/RoboticsCol/3/startercode/catkin_ws/build/lwr_defs/CMakeFiles/CMakeTmp'
Building C object CMakeFiles/cmTC_332ff.dir/CheckSymbolExists.c.o
/usr/bin/cc     -o CMakeFiles/cmTC_332ff.dir/CheckSymbolExists.c.o   -c /home/jafar/Desktop/Courses/RoboticsCol/3/startercode/catkin_ws/build/lwr_defs/CMakeFiles/CMakeTmp/CheckSymbolExists.c
Linking C executable cmTC_332ff
/usr/bin/cmake -E cmake_link_script CMakeFiles/cmTC_332ff.dir/link.txt --verbose=1
/usr/bin/cc       CMakeFiles/cmTC_332ff.dir/CheckSymbolExists.c.o  -o cmTC_332ff -rdynamic 
CMakeFiles/cmTC_332ff.dir/CheckSymbolExists.c.o: In function `main':
CheckSymbolExists.c:(.text+0x16): undefined reference to `pthread_create'
collect2: error: ld returned 1 exit status
CMakeFiles/cmTC_332ff.dir/build.make:97: recipe for target 'cmTC_332ff' failed
make[1]: *** [cmTC_332ff] Error 1
make[1]: Leaving directory '/home/jafar/Desktop/Courses/RoboticsCol/3/startercode/catkin_ws/build/lwr_defs/CMakeFiles/CMakeTmp'
Makefile:126: recipe for target 'cmTC_332ff/fast' failed
make: *** [cmTC_332ff/fast] Error 2

File /home/jafar/Desktop/Courses/RoboticsCol/3/startercode/catkin_ws/build/lwr_defs/CMakeFiles/CMakeTmp/CheckSymbolExists.c:
/* */
#include <pthread.h>

int main(int argc, char** argv)
{
  (void)argv;
#ifndef pthread_create
  return ((int*)(&pthread_create))[argc];
#else
  (void)argc;
  return 0;
#endif
}

Determining if the function pthread_create exists in the pthreads failed with the following output:
Change Dir: /home/jafar/Desktop/Courses/RoboticsCol/3/startercode/catkin_ws/build/lwr_defs/CMakeFiles/CMakeTmp

Run Build Command:"/usr/bin/make" "cmTC_fdfc2/fast"
/usr/bin/make -f CMakeFiles/cmTC_fdfc2.dir/build.make CMakeFiles/cmTC_fdfc2.dir/build
make[1]: Entering directory '/home/jafar/Desktop/Courses/RoboticsCol/3/startercode/catkin_ws/build/lwr_defs/CMakeFiles/CMakeTmp'
Building C object CMakeFiles/cmTC_fdfc2.dir/CheckFunctionExists.c.o
/usr/bin/cc    -DCHECK_FUNCTION_EXISTS=pthread_create   -o CMakeFiles/cmTC_fdfc2.dir/CheckFunctionExists.c.o   -c /usr/share/cmake-3.5/Modules/CheckFunctionExists.c
Linking C executable cmTC_fdfc2
/usr/bin/cmake -E cmake_link_script CMakeFiles/cmTC_fdfc2.dir/link.txt --verbose=1
/usr/bin/cc   -DCHECK_FUNCTION_EXISTS=pthread_create    CMakeFiles/cmTC_fdfc2.dir/CheckFunctionExists.c.o  -o cmTC_fdfc2 -rdynamic -lpthreads 
/usr/bin/ld: cannot find -lpthreads
collect2: error: ld returned 1 exit status
CMakeFiles/cmTC_fdfc2.dir/build.make:97: recipe for target 'cmTC_fdfc2' failed
make[1]: *** [cmTC_fdfc2] Error 1
make[1]: Leaving directory '/home/jafar/Desktop/Courses/RoboticsCol/3/startercode/catkin_ws/build/lwr_defs/CMakeFiles/CMakeTmp'
Makefile:126: recipe for target 'cmTC_fdfc2/fast' failed
make: *** [cmTC_fdfc2/fast] Error 2


