Determining if the pthread_create exist failed with the following output:
Change Dir: /home/jafar/Desktop/Courses/RoboticsCol/4/startercode/catkin_ws/build/robot_sim/CMakeFiles/CMakeTmp

Run Build Command:"/usr/bin/make" "cmTC_ffd6f/fast"
/usr/bin/make -f CMakeFiles/cmTC_ffd6f.dir/build.make CMakeFiles/cmTC_ffd6f.dir/build
make[1]: Entering directory '/home/jafar/Desktop/Courses/RoboticsCol/4/startercode/catkin_ws/build/robot_sim/CMakeFiles/CMakeTmp'
Building C object CMakeFiles/cmTC_ffd6f.dir/CheckSymbolExists.c.o
/usr/bin/cc     -o CMakeFiles/cmTC_ffd6f.dir/CheckSymbolExists.c.o   -c /home/jafar/Desktop/Courses/RoboticsCol/4/startercode/catkin_ws/build/robot_sim/CMakeFiles/CMakeTmp/CheckSymbolExists.c
Linking C executable cmTC_ffd6f
/usr/bin/cmake -E cmake_link_script CMakeFiles/cmTC_ffd6f.dir/link.txt --verbose=1
/usr/bin/cc       CMakeFiles/cmTC_ffd6f.dir/CheckSymbolExists.c.o  -o cmTC_ffd6f -rdynamic 
CMakeFiles/cmTC_ffd6f.dir/CheckSymbolExists.c.o: In function `main':
CheckSymbolExists.c:(.text+0x16): undefined reference to `pthread_create'
collect2: error: ld returned 1 exit status
CMakeFiles/cmTC_ffd6f.dir/build.make:97: recipe for target 'cmTC_ffd6f' failed
make[1]: *** [cmTC_ffd6f] Error 1
make[1]: Leaving directory '/home/jafar/Desktop/Courses/RoboticsCol/4/startercode/catkin_ws/build/robot_sim/CMakeFiles/CMakeTmp'
Makefile:126: recipe for target 'cmTC_ffd6f/fast' failed
make: *** [cmTC_ffd6f/fast] Error 2

File /home/jafar/Desktop/Courses/RoboticsCol/4/startercode/catkin_ws/build/robot_sim/CMakeFiles/CMakeTmp/CheckSymbolExists.c:
/* */
#include <pthread.h>

int main(int argc, char** argv)
{
  (void)argv;
#ifndef pthread_create
  return ((int*)(&pthread_create))[argc];
#else
  (void)argc;
  return 0;
#endif
}

Determining if the function pthread_create exists in the pthreads failed with the following output:
Change Dir: /home/jafar/Desktop/Courses/RoboticsCol/4/startercode/catkin_ws/build/robot_sim/CMakeFiles/CMakeTmp

Run Build Command:"/usr/bin/make" "cmTC_3876b/fast"
/usr/bin/make -f CMakeFiles/cmTC_3876b.dir/build.make CMakeFiles/cmTC_3876b.dir/build
make[1]: Entering directory '/home/jafar/Desktop/Courses/RoboticsCol/4/startercode/catkin_ws/build/robot_sim/CMakeFiles/CMakeTmp'
Building C object CMakeFiles/cmTC_3876b.dir/CheckFunctionExists.c.o
/usr/bin/cc    -DCHECK_FUNCTION_EXISTS=pthread_create   -o CMakeFiles/cmTC_3876b.dir/CheckFunctionExists.c.o   -c /usr/share/cmake-3.5/Modules/CheckFunctionExists.c
Linking C executable cmTC_3876b
/usr/bin/cmake -E cmake_link_script CMakeFiles/cmTC_3876b.dir/link.txt --verbose=1
/usr/bin/cc   -DCHECK_FUNCTION_EXISTS=pthread_create    CMakeFiles/cmTC_3876b.dir/CheckFunctionExists.c.o  -o cmTC_3876b -rdynamic -lpthreads 
/usr/bin/ld: cannot find -lpthreads
collect2: error: ld returned 1 exit status
CMakeFiles/cmTC_3876b.dir/build.make:97: recipe for target 'cmTC_3876b' failed
make[1]: *** [cmTC_3876b] Error 1
make[1]: Leaving directory '/home/jafar/Desktop/Courses/RoboticsCol/4/startercode/catkin_ws/build/robot_sim/CMakeFiles/CMakeTmp'
Makefile:126: recipe for target 'cmTC_3876b/fast' failed
make: *** [cmTC_3876b/fast] Error 2


