Determining if the pthread_create exist failed with the following output:
Change Dir: /home/jafar/Desktop/Courses/RoboticsCol/4/startercode/catkin_ws/build/catkin_tools_prebuild/CMakeFiles/CMakeTmp

Run Build Command:"/usr/bin/make" "cmTC_7903b/fast"
/usr/bin/make -f CMakeFiles/cmTC_7903b.dir/build.make CMakeFiles/cmTC_7903b.dir/build
make[1]: Entering directory '/home/jafar/Desktop/Courses/RoboticsCol/4/startercode/catkin_ws/build/catkin_tools_prebuild/CMakeFiles/CMakeTmp'
Building C object CMakeFiles/cmTC_7903b.dir/CheckSymbolExists.c.o
/usr/bin/cc     -o CMakeFiles/cmTC_7903b.dir/CheckSymbolExists.c.o   -c /home/jafar/Desktop/Courses/RoboticsCol/4/startercode/catkin_ws/build/catkin_tools_prebuild/CMakeFiles/CMakeTmp/CheckSymbolExists.c
Linking C executable cmTC_7903b
/usr/bin/cmake -E cmake_link_script CMakeFiles/cmTC_7903b.dir/link.txt --verbose=1
/usr/bin/cc       CMakeFiles/cmTC_7903b.dir/CheckSymbolExists.c.o  -o cmTC_7903b -rdynamic 
CMakeFiles/cmTC_7903b.dir/CheckSymbolExists.c.o: In function `main':
CheckSymbolExists.c:(.text+0x16): undefined reference to `pthread_create'
collect2: error: ld returned 1 exit status
CMakeFiles/cmTC_7903b.dir/build.make:97: recipe for target 'cmTC_7903b' failed
make[1]: *** [cmTC_7903b] Error 1
make[1]: Leaving directory '/home/jafar/Desktop/Courses/RoboticsCol/4/startercode/catkin_ws/build/catkin_tools_prebuild/CMakeFiles/CMakeTmp'
Makefile:126: recipe for target 'cmTC_7903b/fast' failed
make: *** [cmTC_7903b/fast] Error 2

File /home/jafar/Desktop/Courses/RoboticsCol/4/startercode/catkin_ws/build/catkin_tools_prebuild/CMakeFiles/CMakeTmp/CheckSymbolExists.c:
/* */
#include <pthread.h>

int main(int argc, char** argv)
{
  (void)argv;
#ifndef pthread_create
  return ((int*)(&pthread_create))[argc];
#else
  (void)argc;
  return 0;
#endif
}

Determining if the function pthread_create exists in the pthreads failed with the following output:
Change Dir: /home/jafar/Desktop/Courses/RoboticsCol/4/startercode/catkin_ws/build/catkin_tools_prebuild/CMakeFiles/CMakeTmp

Run Build Command:"/usr/bin/make" "cmTC_d559e/fast"
/usr/bin/make -f CMakeFiles/cmTC_d559e.dir/build.make CMakeFiles/cmTC_d559e.dir/build
make[1]: Entering directory '/home/jafar/Desktop/Courses/RoboticsCol/4/startercode/catkin_ws/build/catkin_tools_prebuild/CMakeFiles/CMakeTmp'
Building C object CMakeFiles/cmTC_d559e.dir/CheckFunctionExists.c.o
/usr/bin/cc    -DCHECK_FUNCTION_EXISTS=pthread_create   -o CMakeFiles/cmTC_d559e.dir/CheckFunctionExists.c.o   -c /usr/share/cmake-3.5/Modules/CheckFunctionExists.c
Linking C executable cmTC_d559e
/usr/bin/cmake -E cmake_link_script CMakeFiles/cmTC_d559e.dir/link.txt --verbose=1
/usr/bin/cc   -DCHECK_FUNCTION_EXISTS=pthread_create    CMakeFiles/cmTC_d559e.dir/CheckFunctionExists.c.o  -o cmTC_d559e -rdynamic -lpthreads 
/usr/bin/ld: cannot find -lpthreads
collect2: error: ld returned 1 exit status
CMakeFiles/cmTC_d559e.dir/build.make:97: recipe for target 'cmTC_d559e' failed
make[1]: *** [cmTC_d559e] Error 1
make[1]: Leaving directory '/home/jafar/Desktop/Courses/RoboticsCol/4/startercode/catkin_ws/build/catkin_tools_prebuild/CMakeFiles/CMakeTmp'
Makefile:126: recipe for target 'cmTC_d559e/fast' failed
make: *** [cmTC_d559e/fast] Error 2


