Determining if the pthread_create exist failed with the following output:
Change Dir: /home/jafar/Desktop/Courses/RoboticsCol/1/catkin_ws/build/CMakeFiles/CMakeTmp

Run Build Command:"/usr/bin/make" "cmTC_30cef/fast"
/usr/bin/make -f CMakeFiles/cmTC_30cef.dir/build.make CMakeFiles/cmTC_30cef.dir/build
make[1]: Entering directory '/home/jafar/Desktop/Courses/RoboticsCol/1/catkin_ws/build/CMakeFiles/CMakeTmp'
Building C object CMakeFiles/cmTC_30cef.dir/CheckSymbolExists.c.o
/usr/bin/cc     -o CMakeFiles/cmTC_30cef.dir/CheckSymbolExists.c.o   -c /home/jafar/Desktop/Courses/RoboticsCol/1/catkin_ws/build/CMakeFiles/CMakeTmp/CheckSymbolExists.c
Linking C executable cmTC_30cef
/usr/bin/cmake -E cmake_link_script CMakeFiles/cmTC_30cef.dir/link.txt --verbose=1
/usr/bin/cc       CMakeFiles/cmTC_30cef.dir/CheckSymbolExists.c.o  -o cmTC_30cef -rdynamic 
CMakeFiles/cmTC_30cef.dir/CheckSymbolExists.c.o: In function `main':
CheckSymbolExists.c:(.text+0x16): undefined reference to `pthread_create'
collect2: error: ld returned 1 exit status
CMakeFiles/cmTC_30cef.dir/build.make:97: recipe for target 'cmTC_30cef' failed
make[1]: *** [cmTC_30cef] Error 1
make[1]: Leaving directory '/home/jafar/Desktop/Courses/RoboticsCol/1/catkin_ws/build/CMakeFiles/CMakeTmp'
Makefile:126: recipe for target 'cmTC_30cef/fast' failed
make: *** [cmTC_30cef/fast] Error 2

File /home/jafar/Desktop/Courses/RoboticsCol/1/catkin_ws/build/CMakeFiles/CMakeTmp/CheckSymbolExists.c:
/* */
#include <pthread.h>

int main(int argc, char** argv)
{
  (void)argv;
#ifndef pthread_create
  return ((int*)(&pthread_create))[argc];
#else
  (void)argc;
  return 0;
#endif
}

Determining if the function pthread_create exists in the pthreads failed with the following output:
Change Dir: /home/jafar/Desktop/Courses/RoboticsCol/1/catkin_ws/build/CMakeFiles/CMakeTmp

Run Build Command:"/usr/bin/make" "cmTC_ce1f3/fast"
/usr/bin/make -f CMakeFiles/cmTC_ce1f3.dir/build.make CMakeFiles/cmTC_ce1f3.dir/build
make[1]: Entering directory '/home/jafar/Desktop/Courses/RoboticsCol/1/catkin_ws/build/CMakeFiles/CMakeTmp'
Building C object CMakeFiles/cmTC_ce1f3.dir/CheckFunctionExists.c.o
/usr/bin/cc    -DCHECK_FUNCTION_EXISTS=pthread_create   -o CMakeFiles/cmTC_ce1f3.dir/CheckFunctionExists.c.o   -c /usr/share/cmake-3.5/Modules/CheckFunctionExists.c
Linking C executable cmTC_ce1f3
/usr/bin/cmake -E cmake_link_script CMakeFiles/cmTC_ce1f3.dir/link.txt --verbose=1
/usr/bin/cc   -DCHECK_FUNCTION_EXISTS=pthread_create    CMakeFiles/cmTC_ce1f3.dir/CheckFunctionExists.c.o  -o cmTC_ce1f3 -rdynamic -lpthreads 
/usr/bin/ld: cannot find -lpthreads
collect2: error: ld returned 1 exit status
CMakeFiles/cmTC_ce1f3.dir/build.make:97: recipe for target 'cmTC_ce1f3' failed
make[1]: *** [cmTC_ce1f3] Error 1
make[1]: Leaving directory '/home/jafar/Desktop/Courses/RoboticsCol/1/catkin_ws/build/CMakeFiles/CMakeTmp'
Makefile:126: recipe for target 'cmTC_ce1f3/fast' failed
make: *** [cmTC_ce1f3/fast] Error 2


